# JRE version: OpenJDK Runtime Environment JBR-11.0.9.11-1145.21-jcef (11.0.9+11) (build 11.0.9+11-b1145.21)
# Java VM: OpenJDK 64-Bit Server VM JBR-11.0.9.11-1145.21-jcef (11.0.9+11-b1145.21, mixed mode, tiered, compressed oops, g1 gc, windows-amd64)
Heap:
 garbage-first heap   total 118784K, used 69032K [0x00000000a1400000, 0x0000000100000000)
  region size 1024K, 51 young (52224K), 4 survivors (4096K)
 Metaspace       used 42121K, capacity 43251K, committed 43340K, reserved 1087488K
  class space    used 4703K, capacity 5160K, committed 5196K, reserved 1048576K
GC Heap History (16 events):
Event: 0.521 GC heap before
{Heap before GC invocations=0 (full 0):
 garbage-first heap   total 98304K, used 23552K [0x00000000a1400000, 0x0000000100000000)
  region size 1024K, 24 young (24576K), 0 survivors (0K)
 Metaspace       used 9200K, capacity 9353K, committed 9600K, reserved 1058816K
  class space    used 806K, capacity 840K, committed 896K, reserved 1048576K
}
Event: 0.530 GC heap after
{Heap after GC invocations=1 (full 0):
 garbage-first heap   total 98304K, used 4269K [0x00000000a1400000, 0x0000000100000000)
  region size 1024K, 3 young (3072K), 3 survivors (3072K)
 Metaspace       used 9200K, capacity 9353K, committed 9600K, reserved 1058816K
  class space    used 806K, capacity 840K, committed 896K, reserved 1048576K
}
Event: 1.088 GC heap before
{Heap before GC invocations=1 (full 0):
 garbage-first heap   total 98304K, used 59565K [0x00000000a1400000, 0x0000000100000000)
  region size 1024K, 57 young (58368K), 3 survivors (3072K)
 Metaspace       used 14730K, capacity 15031K, committed 15232K, reserved 1062912K
  class space    used 1516K, capacity 1611K, committed 1664K, reserved 1048576K
}
Event: 1.093 GC heap after
{Heap after GC invocations=2 (full 0):
 garbage-first heap   total 98304K, used 6141K [0x00000000a1400000, 0x0000000100000000)
  region size 1024K, 5 young (5120K), 5 survivors (5120K)
 Metaspace       used 14730K, capacity 15031K, committed 15232K, reserved 1062912K
  class space    used 1516K, capacity 1611K, committed 1664K, reserved 1048576K
}
Event: 1.602 GC heap before
{Heap before GC invocations=2 (full 0):
 garbage-first heap   total 98304K, used 59389K [0x00000000a1400000, 0x0000000100000000)
  region size 1024K, 57 young (58368K), 5 survivors (5120K)
 Metaspace       used 20012K, capacity 20533K, committed 20608K, reserved 1067008K
  class space    used 2214K, capacity 2388K, committed 2432K, reserved 1048576K
}
Event: 1.608 GC heap after
{Heap after GC invocations=3 (full 0):
 garbage-first heap   total 98304K, used 7574K [0x00000000a1400000, 0x0000000100000000)
  region size 1024K, 4 young (4096K), 4 survivors (4096K)
 Metaspace       used 20012K, capacity 20533K, committed 20608K, reserved 1067008K
  class space    used 2214K, capacity 2388K, committed 2432K, reserved 1048576K
}
Event: 1.659 GC heap before
{Heap before GC invocations=3 (full 0):
 garbage-first heap   total 98304K, used 14742K [0x00000000a1400000, 0x0000000100000000)
  region size 1024K, 12 young (12288K), 4 survivors (4096K)
 Metaspace       used 20655K, capacity 21136K, committed 21248K, reserved 1069056K
  class space    used 2282K, capacity 2461K, committed 2560K, reserved 1048576K
}
Event: 1.664 GC heap after
{Heap after GC invocations=4 (full 0):
 garbage-first heap   total 98304K, used 7608K [0x00000000a1400000, 0x0000000100000000)
  region size 1024K, 4 young (4096K), 4 survivors (4096K)
 Metaspace       used 20655K, capacity 21136K, committed 21248K, reserved 1069056K
  class space    used 2282K, capacity 2461K, committed 2560K, reserved 1048576K
}
Event: 2.582 GC heap before
{Heap before GC invocations=5 (full 0):
 garbage-first heap   total 98304K, used 61880K [0x00000000a1400000, 0x0000000100000000)
  region size 1024K, 57 young (58368K), 4 survivors (4096K)
 Metaspace       used 26671K, capacity 27427K, committed 27776K, reserved 1073152K
  class space    used 3092K, capacity 3339K, committed 3456K, reserved 1048576K
}
Event: 2.590 GC heap after
{Heap after GC invocations=6 (full 0):
 garbage-first heap   total 118784K, used 9226K [0x00000000a1400000, 0x0000000100000000)
  region size 1024K, 5 young (5120K), 5 survivors (5120K)
 Metaspace       used 26671K, capacity 27427K, committed 27776K, reserved 1073152K
  class space    used 3092K, capacity 3339K, committed 3456K, reserved 1048576K
}
Event: 3.627 GC heap before
{Heap before GC invocations=6 (full 0):
 garbage-first heap   total 118784K, used 73738K [0x00000000a1400000, 0x0000000100000000)
  region size 1024K, 69 young (70656K), 5 survivors (5120K)
 Metaspace       used 32599K, capacity 33485K, committed 33792K, reserved 1079296K
  class space    used 3907K, capacity 4256K, committed 4352K, reserved 1048576K
}
Event: 3.655 GC heap after
{Heap after GC invocations=7 (full 0):
 garbage-first heap   total 118784K, used 10910K [0x00000000a1400000, 0x0000000100000000)
  region size 1024K, 6 young (6144K), 6 survivors (6144K)
 Metaspace       used 32599K, capacity 33485K, committed 33792K, reserved 1079296K
  class space    used 3907K, capacity 4256K, committed 4352K, reserved 1048576K
}
Event: 4.122 GC heap before
{Heap before GC invocations=7 (full 0):
 garbage-first heap   total 118784K, used 43678K [0x00000000a1400000, 0x0000000100000000)
  region size 1024K, 36 young (36864K), 6 survivors (6144K)
 Metaspace       used 34833K, capacity 35803K, committed 35840K, reserved 1081344K
  class space    used 4071K, capacity 4454K, committed 4480K, reserved 1048576K
}
Event: 4.132 GC heap after
{Heap after GC invocations=8 (full 0):
 garbage-first heap   total 118784K, used 19480K [0x00000000a1400000, 0x0000000100000000)
  region size 1024K, 9 young (9216K), 9 survivors (9216K)
 Metaspace       used 34833K, capacity 35803K, committed 35840K, reserved 1081344K
  class space    used 4071K, capacity 4454K, committed 4480K, reserved 1048576K
}
Event: 4.505 GC heap before
{Heap before GC invocations=9 (full 0):
 garbage-first heap   total 118784K, used 79896K [0x00000000a1400000, 0x0000000100000000)
  region size 1024K, 69 young (70656K), 9 survivors (9216K)
 Metaspace       used 39218K, capacity 40275K, committed 40524K, reserved 1085440K
  class space    used 4464K, capacity 4899K, committed 4940K, reserved 1048576K
}
Event: 4.515 GC heap after
{Heap after GC invocations=10 (full 0):
 garbage-first heap   total 118784K, used 22952K [0x00000000a1400000, 0x0000000100000000)
  region size 1024K, 4 young (4096K), 4 survivors (4096K)
 Metaspace       used 39218K, capacity 40275K, committed 40524K, reserved 1085440K
  class space    used 4464K, capacity 4899K, committed 4940K, reserved 1048576K
}

