# JRE version: OpenJDK Runtime Environment JBR-11.0.9.11-1145.21-jcef (11.0.9+11) (build 11.0.9+11-b1145.21)
# Java VM: OpenJDK 64-Bit Server VM JBR-11.0.9.11-1145.21-jcef (11.0.9+11-b1145.21, mixed mode, tiered, compressed oops, g1 gc, windows-amd64)
Heap:
 garbage-first heap   total 118784K, used 60410K [0x00000000a1400000, 0x0000000100000000)
  region size 1024K, 56 young (57344K), 5 survivors (5120K)
 Metaspace       used 30857K, capacity 31746K, committed 32000K, reserved 1077248K
  class space    used 3742K, capacity 4084K, committed 4096K, reserved 1048576K
GC Heap History (10 events):
Event: 1.202 GC heap before
{Heap before GC invocations=0 (full 0):
 garbage-first heap   total 98304K, used 23552K [0x00000000a1400000, 0x0000000100000000)
  region size 1024K, 24 young (24576K), 0 survivors (0K)
 Metaspace       used 9202K, capacity 9353K, committed 9600K, reserved 1058816K
  class space    used 807K, capacity 840K, committed 896K, reserved 1048576K
}
Event: 1.213 GC heap after
{Heap after GC invocations=1 (full 0):
 garbage-first heap   total 98304K, used 4261K [0x00000000a1400000, 0x0000000100000000)
  region size 1024K, 3 young (3072K), 3 survivors (3072K)
 Metaspace       used 9202K, capacity 9353K, committed 9600K, reserved 1058816K
  class space    used 807K, capacity 840K, committed 896K, reserved 1048576K
}
Event: 2.220 GC heap before
{Heap before GC invocations=1 (full 0):
 garbage-first heap   total 98304K, used 59557K [0x00000000a1400000, 0x0000000100000000)
  region size 1024K, 57 young (58368K), 3 survivors (3072K)
 Metaspace       used 14833K, capacity 15192K, committed 15232K, reserved 1062912K
  class space    used 1528K, capacity 1643K, committed 1664K, reserved 1048576K
}
Event: 2.235 GC heap after
{Heap after GC invocations=2 (full 0):
 garbage-first heap   total 98304K, used 6137K [0x00000000a1400000, 0x0000000100000000)
  region size 1024K, 5 young (5120K), 5 survivors (5120K)
 Metaspace       used 14833K, capacity 15192K, committed 15232K, reserved 1062912K
  class space    used 1528K, capacity 1643K, committed 1664K, reserved 1048576K
}
Event: 3.287 GC heap before
{Heap before GC invocations=2 (full 0):
 garbage-first heap   total 98304K, used 59385K [0x00000000a1400000, 0x0000000100000000)
  region size 1024K, 57 young (58368K), 5 survivors (5120K)
 Metaspace       used 20216K, capacity 20739K, committed 20864K, reserved 1067008K
  class space    used 2244K, capacity 2393K, committed 2432K, reserved 1048576K
}
Event: 3.298 GC heap after
{Heap after GC invocations=3 (full 0):
 garbage-first heap   total 98304K, used 7558K [0x00000000a1400000, 0x0000000100000000)
  region size 1024K, 4 young (4096K), 4 survivors (4096K)
 Metaspace       used 20216K, capacity 20739K, committed 20864K, reserved 1067008K
  class space    used 2244K, capacity 2393K, committed 2432K, reserved 1048576K
}
Event: 3.357 GC heap before
{Heap before GC invocations=3 (full 0):
 garbage-first heap   total 98304K, used 12678K [0x00000000a1400000, 0x0000000100000000)
  region size 1024K, 10 young (10240K), 4 survivors (4096K)
 Metaspace       used 20643K, capacity 21138K, committed 21248K, reserved 1069056K
  class space    used 2281K, capacity 2462K, committed 2560K, reserved 1048576K
}
Event: 3.365 GC heap after
{Heap after GC invocations=4 (full 0):
 garbage-first heap   total 98304K, used 7595K [0x00000000a1400000, 0x0000000100000000)
  region size 1024K, 4 young (4096K), 4 survivors (4096K)
 Metaspace       used 20643K, capacity 21138K, committed 21248K, reserved 1069056K
  class space    used 2281K, capacity 2462K, committed 2560K, reserved 1048576K
}
Event: 5.222 GC heap before
{Heap before GC invocations=5 (full 0):
 garbage-first heap   total 98304K, used 61867K [0x00000000a1400000, 0x0000000100000000)
  region size 1024K, 57 young (58368K), 4 survivors (4096K)
 Metaspace       used 26760K, capacity 27494K, committed 27776K, reserved 1073152K
  class space    used 3099K, capacity 3341K, committed 3456K, reserved 1048576K
}
Event: 5.237 GC heap after
{Heap after GC invocations=6 (full 0):
 garbage-first heap   total 118784K, used 9210K [0x00000000a1400000, 0x0000000100000000)
  region size 1024K, 5 young (5120K), 5 survivors (5120K)
 Metaspace       used 26760K, capacity 27494K, committed 27776K, reserved 1073152K
  class space    used 3099K, capacity 3341K, committed 3456K, reserved 1048576K
}

